# JRE version: OpenJDK Runtime Environment (8.0_152-b01) (build 1.8.0_152-release-915-b01)
# Java VM: OpenJDK 64-Bit Server VM (25.152-b01 mixed mode linux-amd64 compressed oops)
Heap:
 PSYoungGen      total 163328K, used 14828K [0x00000000e0000000, 0x00000000ed500000, 0x0000000100000000)
  eden space 148480K, 0% used [0x00000000e0000000,0x00000000e0000000,0x00000000e9100000)
  from space 14848K, 99% used [0x00000000ec680000,0x00000000ed4fb328,0x00000000ed500000)
  to   space 11776K, 0% used [0x00000000e9100000,0x00000000e9100000,0x00000000e9c80000)
 ParOldGen       total 86528K, used 29334K [0x00000000a0000000, 0x00000000a5480000, 0x00000000e0000000)
  object space 86528K, 33% used [0x00000000a0000000,0x00000000a1ca5b10,0x00000000a5480000)
 Metaspace       used 55022K, capacity 56748K, committed 56792K, reserved 1097728K
  class space    used 7494K, capacity 7909K, committed 7936K, reserved 1048576K
GC Heap History (10 events):
Event: 4.870 GC heap after
Heap after GC invocations=7 (full 1):
 PSYoungGen      total 105472K, used 7494K [0x00000000e0000000, 0x00000000e8b80000, 0x0000000100000000)
  eden space 97792K, 0% used [0x00000000e0000000,0x00000000e0000000,0x00000000e5f80000)
  from space 7680K, 97% used [0x00000000e8400000,0x00000000e8b51a58,0x00000000e8b80000)
  to   space 10240K, 0% used [0x00000000e7780000,0x00000000e7780000,0x00000000e8180000)
 ParOldGen       total 56320K, used 8242K [0x00000000a0000000, 0x00000000a3700000, 0x00000000e0000000)
  object space 56320K, 14% used [0x00000000a0000000,0x00000000a080c958,0x00000000a3700000)
 Metaspace       used 25501K, capacity 26060K, committed 26368K, reserved 1071104K
  class space    used 3569K, capacity 3795K, committed 3840K, reserved 1048576K
}
Event: 7.393 GC heap before
{Heap before GC invocations=8 (full 1):
 PSYoungGen      total 105472K, used 105286K [0x00000000e0000000, 0x00000000e8b80000, 0x0000000100000000)
  eden space 97792K, 100% used [0x00000000e0000000,0x00000000e5f80000,0x00000000e5f80000)
  from space 7680K, 97% used [0x00000000e8400000,0x00000000e8b51a58,0x00000000e8b80000)
  to   space 10240K, 0% used [0x00000000e7780000,0x00000000e7780000,0x00000000e8180000)
 ParOldGen       total 56320K, used 8242K [0x00000000a0000000, 0x00000000a3700000, 0x00000000e0000000)
  object space 56320K, 14% used [0x00000000a0000000,0x00000000a080c958,0x00000000a3700000)
 Metaspace       used 31167K, capacity 31676K, committed 31872K, reserved 1077248K
  class space    used 4280K, capacity 4449K, committed 4480K, reserved 1048576K
Event: 7.411 GC heap after
Heap after GC invocations=8 (full 1):
 PSYoungGen      total 132608K, used 9582K [0x00000000e0000000, 0x00000000ea780000, 0x0000000100000000)
  eden space 122368K, 0% used [0x00000000e0000000,0x00000000e0000000,0x00000000e7780000)
  from space 10240K, 93% used [0x00000000e7780000,0x00000000e80db850,0x00000000e8180000)
  to   space 11264K, 0% used [0x00000000e9c80000,0x00000000e9c80000,0x00000000ea780000)
 ParOldGen       total 56320K, used 8314K [0x00000000a0000000, 0x00000000a3700000, 0x00000000e0000000)
  object space 56320K, 14% used [0x00000000a0000000,0x00000000a081e968,0x00000000a3700000)
 Metaspace       used 31167K, capacity 31676K, committed 31872K, reserved 1077248K
  class space    used 4280K, capacity 4449K, committed 4480K, reserved 1048576K
}
Event: 8.032 GC heap before
{Heap before GC invocations=9 (full 1):
 PSYoungGen      total 132608K, used 31940K [0x00000000e0000000, 0x00000000ea780000, 0x0000000100000000)
  eden space 122368K, 18% used [0x00000000e0000000,0x00000000e15d59f8,0x00000000e7780000)
  from space 10240K, 93% used [0x00000000e7780000,0x00000000e80db850,0x00000000e8180000)
  to   space 11264K, 0% used [0x00000000e9c80000,0x00000000e9c80000,0x00000000ea780000)
 ParOldGen       total 56320K, used 8314K [0x00000000a0000000, 0x00000000a3700000, 0x00000000e0000000)
  object space 56320K, 14% used [0x00000000a0000000,0x00000000a081e968,0x00000000a3700000)
 Metaspace       used 34558K, capacity 35186K, committed 35416K, reserved 1079296K
  class space    used 4737K, capacity 4965K, committed 4992K, reserved 1048576K
Event: 8.050 GC heap after
Heap after GC invocations=9 (full 1):
 PSYoungGen      total 159744K, used 9349K [0x00000000e0000000, 0x00000000ed280000, 0x0000000100000000)
  eden space 148480K, 0% used [0x00000000e0000000,0x00000000e0000000,0x00000000e9100000)
  from space 11264K, 82% used [0x00000000e9c80000,0x00000000ea5a1420,0x00000000ea780000)
  to   space 11776K, 0% used [0x00000000e9100000,0x00000000e9100000,0x00000000e9c80000)
 ParOldGen       total 56320K, used 8322K [0x00000000a0000000, 0x00000000a3700000, 0x00000000e0000000)
  object space 56320K, 14% used [0x00000000a0000000,0x00000000a0820968,0x00000000a3700000)
 Metaspace       used 34558K, capacity 35186K, committed 35416K, reserved 1079296K
  class space    used 4737K, capacity 4965K, committed 4992K, reserved 1048576K
}
Event: 8.050 GC heap before
{Heap before GC invocations=10 (full 2):
 PSYoungGen      total 159744K, used 9349K [0x00000000e0000000, 0x00000000ed280000, 0x0000000100000000)
  eden space 148480K, 0% used [0x00000000e0000000,0x00000000e0000000,0x00000000e9100000)
  from space 11264K, 82% used [0x00000000e9c80000,0x00000000ea5a1420,0x00000000ea780000)
  to   space 11776K, 0% used [0x00000000e9100000,0x00000000e9100000,0x00000000e9c80000)
 ParOldGen       total 56320K, used 8322K [0x00000000a0000000, 0x00000000a3700000, 0x00000000e0000000)
  object space 56320K, 14% used [0x00000000a0000000,0x00000000a0820968,0x00000000a3700000)
 Metaspace       used 34558K, capacity 35186K, committed 35416K, reserved 1079296K
  class space    used 4737K, capacity 4965K, committed 4992K, reserved 1048576K
Event: 8.175 GC heap after
Heap after GC invocations=10 (full 2):
 PSYoungGen      total 159744K, used 0K [0x00000000e0000000, 0x00000000ed280000, 0x0000000100000000)
  eden space 148480K, 0% used [0x00000000e0000000,0x00000000e0000000,0x00000000e9100000)
  from space 11264K, 0% used [0x00000000e9c80000,0x00000000e9c80000,0x00000000ea780000)
  to   space 11776K, 0% used [0x00000000e9100000,0x00000000e9100000,0x00000000e9c80000)
 ParOldGen       total 86528K, used 15637K [0x00000000a0000000, 0x00000000a5480000, 0x00000000e0000000)
  object space 86528K, 18% used [0x00000000a0000000,0x00000000a0f45628,0x00000000a5480000)
 Metaspace       used 34558K, capacity 35186K, committed 35416K, reserved 1079296K
  class space    used 4737K, capacity 4965K, committed 4992K, reserved 1048576K
}
Event: 10.821 GC heap before
{Heap before GC invocations=11 (full 2):
 PSYoungGen      total 159744K, used 148480K [0x00000000e0000000, 0x00000000ed280000, 0x0000000100000000)
  eden space 148480K, 100% used [0x00000000e0000000,0x00000000e9100000,0x00000000e9100000)
  from space 11264K, 0% used [0x00000000e9c80000,0x00000000e9c80000,0x00000000ea780000)
  to   space 11776K, 0% used [0x00000000e9100000,0x00000000e9100000,0x00000000e9c80000)
 ParOldGen       total 86528K, used 15637K [0x00000000a0000000, 0x00000000a5480000, 0x00000000e0000000)
  object space 86528K, 18% used [0x00000000a0000000,0x00000000a0f45628,0x00000000a5480000)
 Metaspace       used 46773K, capacity 47754K, committed 48216K, reserved 1091584K
  class space    used 6340K, capacity 6666K, committed 6784K, reserved 1048576K
Event: 10.852 GC heap after
Heap after GC invocations=11 (full 2):
 PSYoungGen      total 160256K, used 11773K [0x00000000e0000000, 0x00000000ed500000, 0x0000000100000000)
  eden space 148480K, 0% used [0x00000000e0000000,0x00000000e0000000,0x00000000e9100000)
  from space 11776K, 99% used [0x00000000e9100000,0x00000000e9c7f5e0,0x00000000e9c80000)
  to   space 14848K, 0% used [0x00000000ec680000,0x00000000ec680000,0x00000000ed500000)
 ParOldGen       total 86528K, used 20377K [0x00000000a0000000, 0x00000000a5480000, 0x00000000e0000000)
  object space 86528K, 23% used [0x00000000a0000000,0x00000000a13e66e0,0x00000000a5480000)
 Metaspace       used 46773K, capacity 47754K, committed 48216K, reserved 1091584K
  class space    used 6340K, capacity 6666K, committed 6784K, reserved 1048576K
}
Event: 60.739 GC heap before
{Heap before GC invocations=12 (full 2):
 PSYoungGen      total 160256K, used 160253K [0x00000000e0000000, 0x00000000ed500000, 0x0000000100000000)
  eden space 148480K, 100% used [0x00000000e0000000,0x00000000e9100000,0x00000000e9100000)
  from space 11776K, 99% used [0x00000000e9100000,0x00000000e9c7f5e0,0x00000000e9c80000)
  to   space 14848K, 0% used [0x00000000ec680000,0x00000000ec680000,0x00000000ed500000)
 ParOldGen       total 86528K, used 20377K [0x00000000a0000000, 0x00000000a5480000, 0x00000000e0000000)
  object space 86528K, 23% used [0x00000000a0000000,0x00000000a13e66e0,0x00000000a5480000)
 Metaspace       used 55022K, capacity 56748K, committed 56792K, reserved 1097728K
  class space    used 7494K, capacity 7909K, committed 7936K, reserved 1048576K

